1537003251323	geckodriver	INFO	geckodriver 0.19.1
1537003251349	geckodriver	INFO	Listening on 127.0.0.1:61501
1537003254492	mozrunner::runner	INFO	Running command: "C:\\Program Files (x86)\\Mozilla Firefox\\firefox.exe" "-marionette" "-profile" "C:\\Users\\Mr\\AppData\\Local\\Temp\\rust_mozprofile.9XQjc05pT4lO"
1537003214579	Marionette	INFO	Listening on port 61439
1537003214660	Marionette	WARN	TLS certificate errors will be ignored for this session
1537003226603	Marionette	INFO	New connections will no longer be accepted
 line 287: NS_ERROR_NOT_INITIALIZED: Component returned failure code: 0xc1f30001 (NS_ERROR_NOT_INITIALIZED) [nsIUrlClassifierDBService.getTables]
JavaScript error: resource://gre/components/nsUrlClassifierListManager.js, line 287: NS_ERROR_NOT_INITIALIZED: Component returned failure code: 0xc1f30001 (NS_ERROR_NOT_INITIALIZED) [nsIUrlClassifierDBService.getTables]
1536999023462	Marionette	INFO	Ceased listening
D) [nsIUrlClassifierDBService.getTables]
1536998336953	Marionette	INFO	Ceased listening
ng
ZED) [nsIUrlClassifierDBService.getTables]
1536998064186	Marionette	INFO	Ceased listening
.jsm:533:17

JavaScript error: resource://gre/components/nsUrlClassifierListManager.js, line 287: NS_ERROR_NOT_INITIALIZED: Component returned failure code: 0xc1f30001 (NS_ERROR_NOT_INITIALIZED) [nsIUrlClassifierDBService.getTables]
JavaScript error: resource://gre/components/nsUrlClassifierListManager.js, line 287: NS_ERROR_NOT_INITIALIZED: Component returned failure code: 0xc1f30001 (NS_ERROR_NOT_INITIALIZED) [nsIUrlClassifierDBService.getTables]
1536994158192	Marionette	INFO	Ceased listening
stening
 Component returned failure code: 0xc1f30001 (NS_ERROR_NOT_INITIALIZED) [nsIUrlClassifierDBService.getTables]
JavaScript error: resource://gre/components/nsUrlClassifierListManager.js, line 287: NS_ERROR_NOT_INITIALIZED: Component returned failure code: 0xc1f30001 (NS_ERROR_NOT_INITIALIZED) [nsIUrlClassifierDBService.getTables]
1536826805369	Marionette	INFO	Ceased listening
e code: 0xc1f30001 (NS_ERROR_NOT_INITIALIZED) [nsIUrlClassifierDBService.getTables]
1536826314235	Marionette	INFO	Ceased listening
