[2018-09-19 19:14:50,825][DEBUG][Decorator][wrapper]:[Call]: Browser >> navigate_to
[2018-09-19 19:14:50,911][DEBUG][Decorator][wrapper]:[Call]: Wait >> element_visible [Return]: True
[2018-09-19 19:14:50,931][DEBUG][Decorator][wrapper]:[Call]: Element >> is_displayed >> NavigateBar.navigate_bar [Return]: True
[2018-09-19 19:14:50,976][DEBUG][Decorator][wrapper]:[Call]: Wait >> element_clickable [Return]: True
[2018-09-19 19:14:51,217][DEBUG][Decorator][wrapper]:[Call]: Element >> click >> NavigateBar.articles_button
[2018-09-19 19:14:53,252][DEBUG][Decorator][wrapper]:[Call]: Wait >> element_visible [Return]: True
[2018-09-19 19:14:53,279][DEBUG][Decorator][wrapper]:[Call]: Element >> get_text >> HomePage.title_label [Return]: Software Testing Articles
[2018-09-19 19:14:53,302][DEBUG][Decorator][wrapper]:[Call]: Wait >> element_visible [Return]: True
[2018-09-19 19:14:53,322][DEBUG][Decorator][wrapper]:[Call]: Element >> is_displayed >> NavigateBar.navigate_bar [Return]: True
[2018-09-19 19:14:53,361][DEBUG][Decorator][wrapper]:[Call]: Wait >> element_clickable [Return]: True
[2018-09-19 19:14:53,594][DEBUG][Decorator][wrapper]:[Call]: Element >> click >> NavigateBar.forums_button
[2018-09-19 19:14:55,621][DEBUG][Decorator][wrapper]:[Call]: Wait >> element_visible [Return]: True
[2018-09-19 19:14:55,641][DEBUG][Decorator][wrapper]:[Call]: Element >> get_text >> HomePage.title_label [Return]: Software Testing Forums
[2018-09-19 19:15:14,323][DEBUG][Decorator][wrapper]:[Call]: Wait >> element_visible [Return]: True
[2018-09-19 19:15:14,346][DEBUG][Decorator][wrapper]:[Call]: Element >> is_displayed >> NavigateBar.navigate_bar [Return]: True
[2018-09-19 19:15:14,404][DEBUG][Decorator][wrapper]:[Call]: Wait >> element_clickable [Return]: True
[2018-09-19 19:15:14,645][DEBUG][Decorator][wrapper]:[Call]: Element >> click >> NavigateBar.training_button
[2018-09-19 19:15:16,680][DEBUG][Decorator][wrapper]:[Call]: Wait >> element_visible [Return]: True
[2018-09-19 19:15:16,701][DEBUG][Decorator][wrapper]:[Call]: Element >> get_text >> HomePage.title_label [Return]: Software Testing Courses
[2018-09-19 19:15:21,801][DEBUG][Decorator][wrapper]:[Call]: Wait >> element_visible [Return]: True
[2018-09-19 19:15:21,822][DEBUG][Decorator][wrapper]:[Call]: Element >> is_displayed >> NavigateBar.navigate_bar [Return]: True
[2018-09-19 19:15:21,861][DEBUG][Decorator][wrapper]:[Call]: Wait >> element_clickable [Return]: True
[2018-09-19 19:15:22,099][DEBUG][Decorator][wrapper]:[Call]: Element >> click >> NavigateBar.projects_button
[2018-09-19 19:15:24,128][DEBUG][Decorator][wrapper]:[Call]: Wait >> element_visible [Return]: True
[2018-09-19 19:15:24,147][DEBUG][Decorator][wrapper]:[Call]: Element >> get_text >> HomePage.title_label [Return]: Project Board
[2018-09-19 19:15:28,759][DEBUG][Decorator][wrapper]:[Call]: Wait >> element_visible [Return]: True
[2018-09-19 19:15:28,779][DEBUG][Decorator][wrapper]:[Call]: Element >> is_displayed >> NavigateBar.navigate_bar [Return]: True
[2018-09-19 19:15:28,828][DEBUG][Decorator][wrapper]:[Call]: Wait >> element_clickable [Return]: True
[2018-09-19 19:15:29,065][DEBUG][Decorator][wrapper]:[Call]: Element >> click >> NavigateBar.tools_button
[2018-09-19 19:15:31,108][DEBUG][Decorator][wrapper]:[Call]: Wait >> element_visible [Return]: True
[2018-09-19 19:15:31,125][DEBUG][Decorator][wrapper]:[Call]: Element >> get_text >> HomePage.title_label [Return]: Software Testing Tool Reviews
[2018-09-19 19:15:36,976][DEBUG][Decorator][wrapper]:[Call]: Browser >> quit
