[2018-09-19 19:01:11,266][DEBUG][Decorator][wrapper]:[Call]: Browser >> navigate_to
[2018-09-19 19:01:11,355][DEBUG][Decorator][wrapper]:[Call]: Wait >> element_visible [Return]: True
[2018-09-19 19:01:11,377][DEBUG][Decorator][wrapper]:[Call]: Element >> is_displayed >> NavigateBar.navigate_bar [Return]: True
[2018-09-19 19:01:11,413][DEBUG][Decorator][wrapper]:[Call]: Wait >> element_clickable [Return]: True
[2018-09-19 19:01:11,650][DEBUG][Decorator][wrapper]:[Call]: Element >> click >> NavigateBar.articles_button
[2018-09-19 19:01:13,713][DEBUG][Decorator][wrapper]:[Call]: Wait >> element_visible [Return]: True
[2018-09-19 19:01:13,736][DEBUG][Decorator][wrapper]:[Call]: Element >> get_text >> HomePage.title_label [Return]: Software Testing Articles
[2018-09-19 19:01:13,756][DEBUG][Decorator][wrapper]:[Call]: Wait >> element_visible [Return]: True
[2018-09-19 19:01:13,769][DEBUG][Decorator][wrapper]:[Call]: Element >> is_displayed >> NavigateBar.navigate_bar [Return]: True
[2018-09-19 19:01:13,796][DEBUG][Decorator][wrapper]:[Call]: Wait >> element_clickable [Return]: True
[2018-09-19 19:01:14,026][DEBUG][Decorator][wrapper]:[Call]: Element >> click >> NavigateBar.forums_button
[2018-09-19 19:01:16,144][DEBUG][Decorator][wrapper]:[Call]: Wait >> element_visible [Return]: True
[2018-09-19 19:01:16,171][DEBUG][Decorator][wrapper]:[Call]: Element >> get_text >> HomePage.title_label [Return]: Software Testing Forums
[2018-09-19 19:01:27,121][DEBUG][Decorator][wrapper]:[Call]: Wait >> element_visible [Return]: True
[2018-09-19 19:01:27,138][DEBUG][Decorator][wrapper]:[Call]: Element >> is_displayed >> NavigateBar.navigate_bar [Return]: True
[2018-09-19 19:01:27,167][DEBUG][Decorator][wrapper]:[Call]: Wait >> element_clickable [Return]: True
[2018-09-19 19:01:27,394][DEBUG][Decorator][wrapper]:[Call]: Element >> click >> NavigateBar.training_button
[2018-09-19 19:01:29,415][DEBUG][Decorator][wrapper]:[Call]: Wait >> element_visible [Return]: True
[2018-09-19 19:01:29,431][DEBUG][Decorator][wrapper]:[Call]: Element >> get_text >> HomePage.title_label [Return]: Software Testing Courses
[2018-09-19 19:01:29,448][DEBUG][Decorator][wrapper]:[Call]: Wait >> element_visible [Return]: True
[2018-09-19 19:01:29,464][DEBUG][Decorator][wrapper]:[Call]: Element >> is_displayed >> NavigateBar.navigate_bar [Return]: True
[2018-09-19 19:01:29,493][DEBUG][Decorator][wrapper]:[Call]: Wait >> element_clickable [Return]: True
[2018-09-19 19:01:29,717][DEBUG][Decorator][wrapper]:[Call]: Element >> click >> NavigateBar.projects_button
[2018-09-19 19:01:31,744][DEBUG][Decorator][wrapper]:[Call]: Wait >> element_visible [Return]: True
[2018-09-19 19:01:31,776][DEBUG][Decorator][wrapper]:[Call]: Element >> get_text >> HomePage.title_label [Return]: Software Testing Courses
